Compiling the C compiler identification source file "CMakeCCompilerId.c" failed.
Compiler: /usr/local/bin/arm-none-eabi-gcc 
Build flags: 
Id flags:  

The output was:
1
/usr/local/Cellar/arm-none-eabi-gcc/10.3-2021.07/gcc/bin/../lib/gcc/arm-none-eabi/10.3.1/../../../../arm-none-eabi/bin/ld: /usr/local/Cellar/arm-none-eabi-gcc/10.3-2021.07/gcc/bin/../lib/gcc/arm-none-eabi/10.3.1/../../../../arm-none-eabi/lib/libc.a(lib_a-exit.o): in function `exit':
exit.c:(.text.exit+0x2c): undefined reference to `_exit'
collect2: error: ld returned 1 exit status


Compiling the CXX compiler identification source file "CMakeCXXCompilerId.cpp" failed.
Compiler: /usr/local/bin/arm-none-eabi-g++ 
Build flags: 
Id flags:  

The output was:
1
/usr/local/Cellar/arm-none-eabi-gcc/10.3-2021.07/gcc/bin/../lib/gcc/arm-none-eabi/10.3.1/../../../../arm-none-eabi/bin/ld: /usr/local/Cellar/arm-none-eabi-gcc/10.3-2021.07/gcc/bin/../lib/gcc/arm-none-eabi/10.3.1/../../../../arm-none-eabi/lib/libc.a(lib_a-exit.o): in function `exit':
exit.c:(.text.exit+0x2c): undefined reference to `_exit'
collect2: error: ld returned 1 exit status


Detecting C compiler ABI info failed to compile with the following output:
Change Dir: /Users/jlywxy/project/lcd/projects/mipi-lcd-sharp-ssd2828/misc/ssd_spihost-mbed/cmake-build-debug/CMakeFiles/CMakeTmp

Run Build Command(s):/usr/bin/make -f Makefile cmTC_2e18d/fast && xcrun: error: invalid active developer path (/Library/Developer/CommandLineTools), missing xcrun at: /Library/Developer/CommandLineTools/usr/bin/xcrun




Determining if the C compiler works failed with the following output:
Change Dir: /Users/jlywxy/project/lcd/projects/mipi-lcd-sharp-ssd2828/misc/ssd_spihost-mbed/cmake-build-debug/CMakeFiles/CMakeTmp

Run Build Command(s):/usr/bin/make -f Makefile cmTC_295df/fast && xcrun: error: invalid active developer path (/Library/Developer/CommandLineTools), missing xcrun at: /Library/Developer/CommandLineTools/usr/bin/xcrun



Compiling the C compiler identification source file "CMakeCCompilerId.c" failed.
Compiler: /usr/local/bin/arm-none-eabi-gcc 
Build flags: 
Id flags:  

The output was:
1
/usr/local/Cellar/arm-none-eabi-gcc/10.3-2021.07/gcc/bin/../lib/gcc/arm-none-eabi/10.3.1/../../../../arm-none-eabi/bin/ld: /usr/local/Cellar/arm-none-eabi-gcc/10.3-2021.07/gcc/bin/../lib/gcc/arm-none-eabi/10.3.1/../../../../arm-none-eabi/lib/libc.a(lib_a-exit.o): in function `exit':
exit.c:(.text.exit+0x2c): undefined reference to `_exit'
collect2: error: ld returned 1 exit status


Compiling the CXX compiler identification source file "CMakeCXXCompilerId.cpp" failed.
Compiler: /usr/local/bin/arm-none-eabi-g++ 
Build flags: 
Id flags:  

The output was:
1
/usr/local/Cellar/arm-none-eabi-gcc/10.3-2021.07/gcc/bin/../lib/gcc/arm-none-eabi/10.3.1/../../../../arm-none-eabi/bin/ld: /usr/local/Cellar/arm-none-eabi-gcc/10.3-2021.07/gcc/bin/../lib/gcc/arm-none-eabi/10.3.1/../../../../arm-none-eabi/lib/libc.a(lib_a-exit.o): in function `exit':
exit.c:(.text.exit+0x2c): undefined reference to `_exit'
collect2: error: ld returned 1 exit status


